2025-08-29T10:15:07.808+05:30  WARN 13760 --- [SprinBoot-Logging] [HikariPool-1:housekeeper] com.zaxxer.hikari.pool.HikariPool        : HikariPool-1 - Thread starvation or clock leap detected (housekeeper delta=13h19m49s877ms262µs900ns).
2025-08-29T10:25:11.627+05:30  INFO 13760 --- [SprinBoot-Logging] [File Watcher] rtingClassPathChangeChangedEventListener : Restarting due to 1 class path change (0 additions, 0 deletions, 1 modification)
2025-08-29T10:25:11.636+05:30  INFO 13760 --- [SprinBoot-Logging] [Thread-5] o.s.b.w.e.tomcat.GracefulShutdown        : Commencing graceful shutdown. Waiting for active requests to complete
2025-08-29T10:25:11.788+05:30  INFO 13760 --- [SprinBoot-Logging] [tomcat-shutdown] o.s.b.w.e.tomcat.GracefulShutdown        : Graceful shutdown complete
2025-08-29T10:25:11.831+05:30  INFO 13760 --- [SprinBoot-Logging] [Thread-5] j.LocalContainerEntityManagerFactoryBean : Closing JPA EntityManagerFactory for persistence unit 'default'
2025-08-29T10:25:11.843+05:30  WARN 13760 --- [SprinBoot-Logging] [Thread-5] o.s.b.f.support.DisposableBeanAdapter    : Invocation of destroy method failed on bean with name 'inMemoryDatabaseShutdownExecutor': org.h2.jdbc.JdbcSQLNonTransientConnectionException: Database is already closed (to disable automatic closing at VM shutdown, add ";DB_CLOSE_ON_EXIT=FALSE" to the db URL) [90121-224]
2025-08-29T10:25:11.845+05:30  INFO 13760 --- [SprinBoot-Logging] [Thread-5] com.zaxxer.hikari.HikariDataSource       : HikariPool-1 - Shutdown initiated...
2025-08-29T10:25:11.848+05:30  INFO 13760 --- [SprinBoot-Logging] [Thread-5] com.zaxxer.hikari.HikariDataSource       : HikariPool-1 - Shutdown completed.
2025-08-29T10:25:11.969+05:30  INFO 13760 --- [SprinBoot-Logging] [restartedMain] c.neosoft.SprinBootLoggingApplication    : Starting SprinBootLoggingApplication using Java 17.0.2 with PID 13760 (D:\eclipse-workspace\SprinBoot-Logging\target\classes started by user in D:\eclipse-workspace\SprinBoot-Logging)
2025-08-29T10:25:11.970+05:30 DEBUG 13760 --- [SprinBoot-Logging] [restartedMain] c.neosoft.SprinBootLoggingApplication    : Running with Spring Boot v3.5.5, Spring v6.2.10
2025-08-29T10:25:11.971+05:30  INFO 13760 --- [SprinBoot-Logging] [restartedMain] c.neosoft.SprinBootLoggingApplication    : No active profile set, falling back to 1 default profile: "default"
2025-08-29T10:25:12.198+05:30  INFO 13760 --- [SprinBoot-Logging] [restartedMain] .s.d.r.c.RepositoryConfigurationDelegate : Bootstrapping Spring Data JPA repositories in DEFAULT mode.
2025-08-29T10:25:12.209+05:30  INFO 13760 --- [SprinBoot-Logging] [restartedMain] .s.d.r.c.RepositoryConfigurationDelegate : Finished Spring Data repository scanning in 9 ms. Found 1 JPA repository interface.
2025-08-29T10:25:12.381+05:30  INFO 13760 --- [SprinBoot-Logging] [restartedMain] o.s.b.w.embedded.tomcat.TomcatWebServer  : Tomcat initialized with port 8080 (http)
2025-08-29T10:25:12.382+05:30  INFO 13760 --- [SprinBoot-Logging] [restartedMain] o.apache.catalina.core.StandardService   : Starting service [Tomcat]
2025-08-29T10:25:12.383+05:30  INFO 13760 --- [SprinBoot-Logging] [restartedMain] o.apache.catalina.core.StandardEngine    : Starting Servlet engine: [Apache Tomcat/10.1.44]
2025-08-29T10:25:12.410+05:30  INFO 13760 --- [SprinBoot-Logging] [restartedMain] o.a.c.c.C.[Tomcat].[localhost].[/]       : Initializing Spring embedded WebApplicationContext
2025-08-29T10:25:12.411+05:30  INFO 13760 --- [SprinBoot-Logging] [restartedMain] w.s.c.ServletWebServerApplicationContext : Root WebApplicationContext: initialization completed in 430 ms
2025-08-29T10:25:12.459+05:30  INFO 13760 --- [SprinBoot-Logging] [restartedMain] o.hibernate.jpa.internal.util.LogHelper  : HHH000204: Processing PersistenceUnitInfo [name: default]
2025-08-29T10:25:12.462+05:30  INFO 13760 --- [SprinBoot-Logging] [restartedMain] o.h.c.internal.RegionFactoryInitiator    : HHH000026: Second-level cache disabled
2025-08-29T10:25:12.480+05:30  INFO 13760 --- [SprinBoot-Logging] [restartedMain] o.s.o.j.p.SpringPersistenceUnitInfo      : No LoadTimeWeaver setup: ignoring JPA class transformer
2025-08-29T10:25:12.481+05:30  INFO 13760 --- [SprinBoot-Logging] [restartedMain] com.zaxxer.hikari.HikariDataSource       : HikariPool-2 - Starting...
2025-08-29T10:25:12.484+05:30  INFO 13760 --- [SprinBoot-Logging] [restartedMain] com.zaxxer.hikari.pool.HikariPool        : HikariPool-2 - Added connection conn20: url=jdbc:h2:mem:testdb user=SA
2025-08-29T10:25:12.485+05:30  INFO 13760 --- [SprinBoot-Logging] [restartedMain] com.zaxxer.hikari.HikariDataSource       : HikariPool-2 - Start completed.
2025-08-29T10:25:12.486+05:30  WARN 13760 --- [SprinBoot-Logging] [restartedMain] org.hibernate.orm.deprecation            : HHH90000025: H2Dialect does not need to be specified explicitly using 'hibernate.dialect' (remove the property setting and it will be selected by default)
2025-08-29T10:25:12.488+05:30  INFO 13760 --- [SprinBoot-Logging] [restartedMain] org.hibernate.orm.connections.pooling    : HHH10001005: Database info:
	Database JDBC URL [Connecting through datasource 'HikariDataSource (HikariPool-2)']
	Database driver: undefined/unknown
	Database version: 2.2.224
	Autocommit mode: undefined/unknown
	Isolation level: undefined/unknown
	Minimum pool size: undefined/unknown
	Maximum pool size: undefined/unknown
2025-08-29T10:25:12.531+05:30  INFO 13760 --- [SprinBoot-Logging] [restartedMain] o.h.e.t.j.p.i.JtaPlatformInitiator       : HHH000489: No JTA platform available (set 'hibernate.transaction.jta.platform' to enable JTA platform integration)
2025-08-29T10:25:12.534+05:30  INFO 13760 --- [SprinBoot-Logging] [restartedMain] j.LocalContainerEntityManagerFactoryBean : Initialized JPA EntityManagerFactory for persistence unit 'default'
2025-08-29T10:25:12.604+05:30  WARN 13760 --- [SprinBoot-Logging] [restartedMain] JpaBaseConfiguration$JpaWebConfiguration : spring.jpa.open-in-view is enabled by default. Therefore, database queries may be performed during view rendering. Explicitly configure spring.jpa.open-in-view to disable this warning
2025-08-29T10:25:12.698+05:30  INFO 13760 --- [SprinBoot-Logging] [restartedMain] o.s.b.a.h2.H2ConsoleAutoConfiguration    : H2 console available at '/h2-console'. Database available at 'jdbc:h2:mem:testdb'
2025-08-29T10:25:12.718+05:30  INFO 13760 --- [SprinBoot-Logging] [restartedMain] o.s.b.d.a.OptionalLiveReloadServer       : LiveReload server is running on port 35729
2025-08-29T10:25:12.731+05:30  INFO 13760 --- [SprinBoot-Logging] [restartedMain] o.s.b.w.embedded.tomcat.TomcatWebServer  : Tomcat started on port 8080 (http) with context path '/'
2025-08-29T10:25:12.735+05:30  INFO 13760 --- [SprinBoot-Logging] [restartedMain] c.neosoft.SprinBootLoggingApplication    : Started SprinBootLoggingApplication in 0.813 seconds (process running for 48717.849)
2025-08-29T10:25:12.736+05:30  INFO 13760 --- [SprinBoot-Logging] [restartedMain] .ConditionEvaluationDeltaLoggingListener : Condition evaluation unchanged
2025-08-29T10:26:22.705+05:30  INFO 13760 --- [SprinBoot-Logging] [http-nio-8080-exec-2] o.a.c.c.C.[Tomcat].[localhost].[/]       : Initializing Spring DispatcherServlet 'dispatcherServlet'
2025-08-29T10:26:22.706+05:30  INFO 13760 --- [SprinBoot-Logging] [http-nio-8080-exec-2] o.s.web.servlet.DispatcherServlet        : Initializing Servlet 'dispatcherServlet'
2025-08-29T10:26:22.713+05:30  INFO 13760 --- [SprinBoot-Logging] [http-nio-8080-exec-2] o.s.web.servlet.DispatcherServlet        : Completed initialization in 4 ms
2025-08-29T10:26:22.973+05:30  INFO 13760 --- [SprinBoot-Logging] [http-nio-8080-exec-2] com.neosoft.Service.UserServiceClass     : before Find All() MEthod ExecutionnStrats 
2025-08-29T10:28:01.559+05:30  INFO 13760 --- [SprinBoot-Logging] [http-nio-8080-exec-5] com.neosoft.Service.UserServiceClass     : New Usre Created With POstAMn By Passing Json Content 
2025-08-29T10:28:37.590+05:30  INFO 13760 --- [SprinBoot-Logging] [http-nio-8080-exec-6] com.neosoft.Service.UserServiceClass     : New Usre Created With POstAMn By Passing Json Content 
2025-08-29T10:28:39.352+05:30  INFO 13760 --- [SprinBoot-Logging] [http-nio-8080-exec-7] com.neosoft.Service.UserServiceClass     : New Usre Created With POstAMn By Passing Json Content 
2025-08-29T10:29:03.916+05:30  INFO 13760 --- [SprinBoot-Logging] [http-nio-8080-exec-8] com.neosoft.Service.UserServiceClass     : New Usre Created With POstAMn By Passing Json Content 
2025-08-29T10:29:05.385+05:30  INFO 13760 --- [SprinBoot-Logging] [http-nio-8080-exec-9] com.neosoft.Service.UserServiceClass     : New Usre Created With POstAMn By Passing Json Content 
2025-08-29T10:29:06.593+05:30  INFO 13760 --- [SprinBoot-Logging] [http-nio-8080-exec-10] com.neosoft.Service.UserServiceClass     : New Usre Created With POstAMn By Passing Json Content 
2025-08-29T10:29:13.545+05:30  INFO 13760 --- [SprinBoot-Logging] [http-nio-8080-exec-1] com.neosoft.Service.UserServiceClass     : New Usre Created With POstAMn By Passing Json Content 
2025-08-29T10:35:48.736+05:30  INFO 13760 --- [SprinBoot-Logging] [File Watcher] rtingClassPathChangeChangedEventListener : Restarting due to 1 class path change (0 additions, 0 deletions, 1 modification)
2025-08-29T10:35:48.740+05:30  INFO 13760 --- [SprinBoot-Logging] [Thread-8] o.s.b.w.e.tomcat.GracefulShutdown        : Commencing graceful shutdown. Waiting for active requests to complete
2025-08-29T10:35:49.016+05:30  INFO 13760 --- [SprinBoot-Logging] [tomcat-shutdown] o.s.b.w.e.tomcat.GracefulShutdown        : Graceful shutdown complete
2025-08-29T10:35:49.021+05:30  INFO 13760 --- [SprinBoot-Logging] [Thread-8] j.LocalContainerEntityManagerFactoryBean : Closing JPA EntityManagerFactory for persistence unit 'default'
2025-08-29T10:35:49.024+05:30  WARN 13760 --- [SprinBoot-Logging] [Thread-8] o.s.b.f.support.DisposableBeanAdapter    : Invocation of destroy method failed on bean with name 'inMemoryDatabaseShutdownExecutor': org.h2.jdbc.JdbcSQLNonTransientConnectionException: Database is already closed (to disable automatic closing at VM shutdown, add ";DB_CLOSE_ON_EXIT=FALSE" to the db URL) [90121-224]
2025-08-29T10:35:49.025+05:30  INFO 13760 --- [SprinBoot-Logging] [Thread-8] com.zaxxer.hikari.HikariDataSource       : HikariPool-2 - Shutdown initiated...
2025-08-29T10:35:49.026+05:30  INFO 13760 --- [SprinBoot-Logging] [Thread-8] com.zaxxer.hikari.HikariDataSource       : HikariPool-2 - Shutdown completed.
2025-08-29T10:35:49.273+05:30  INFO 13760 --- [SprinBoot-Logging] [restartedMain] c.neosoft.SprinBootLoggingApplication    : Starting SprinBootLoggingApplication using Java 17.0.2 with PID 13760 (D:\eclipse-workspace\SprinBoot-Logging\target\classes started by user in D:\eclipse-workspace\SprinBoot-Logging)
2025-08-29T10:35:49.273+05:30 DEBUG 13760 --- [SprinBoot-Logging] [restartedMain] c.neosoft.SprinBootLoggingApplication    : Running with Spring Boot v3.5.5, Spring v6.2.10
2025-08-29T10:35:49.273+05:30  INFO 13760 --- [SprinBoot-Logging] [restartedMain] c.neosoft.SprinBootLoggingApplication    : No active profile set, falling back to 1 default profile: "default"
2025-08-29T10:35:49.458+05:30  INFO 13760 --- [SprinBoot-Logging] [restartedMain] .s.d.r.c.RepositoryConfigurationDelegate : Bootstrapping Spring Data JPA repositories in DEFAULT mode.
2025-08-29T10:35:49.468+05:30  INFO 13760 --- [SprinBoot-Logging] [restartedMain] .s.d.r.c.RepositoryConfigurationDelegate : Finished Spring Data repository scanning in 8 ms. Found 1 JPA repository interface.
2025-08-29T10:35:49.568+05:30  INFO 13760 --- [SprinBoot-Logging] [restartedMain] o.s.b.w.embedded.tomcat.TomcatWebServer  : Tomcat initialized with port 8080 (http)
2025-08-29T10:35:49.570+05:30  INFO 13760 --- [SprinBoot-Logging] [restartedMain] o.apache.catalina.core.StandardService   : Starting service [Tomcat]
2025-08-29T10:35:49.570+05:30  INFO 13760 --- [SprinBoot-Logging] [restartedMain] o.apache.catalina.core.StandardEngine    : Starting Servlet engine: [Apache Tomcat/10.1.44]
2025-08-29T10:35:49.591+05:30  INFO 13760 --- [SprinBoot-Logging] [restartedMain] o.a.c.c.C.[Tomcat].[localhost].[/]       : Initializing Spring embedded WebApplicationContext
2025-08-29T10:35:49.592+05:30  INFO 13760 --- [SprinBoot-Logging] [restartedMain] w.s.c.ServletWebServerApplicationContext : Root WebApplicationContext: initialization completed in 316 ms
2025-08-29T10:35:49.639+05:30  INFO 13760 --- [SprinBoot-Logging] [restartedMain] o.hibernate.jpa.internal.util.LogHelper  : HHH000204: Processing PersistenceUnitInfo [name: default]
2025-08-29T10:35:49.641+05:30  INFO 13760 --- [SprinBoot-Logging] [restartedMain] o.h.c.internal.RegionFactoryInitiator    : HHH000026: Second-level cache disabled
2025-08-29T10:35:49.654+05:30  INFO 13760 --- [SprinBoot-Logging] [restartedMain] o.s.o.j.p.SpringPersistenceUnitInfo      : No LoadTimeWeaver setup: ignoring JPA class transformer
2025-08-29T10:35:49.655+05:30  INFO 13760 --- [SprinBoot-Logging] [restartedMain] com.zaxxer.hikari.HikariDataSource       : HikariPool-3 - Starting...
2025-08-29T10:35:49.658+05:30  INFO 13760 --- [SprinBoot-Logging] [restartedMain] com.zaxxer.hikari.pool.HikariPool        : HikariPool-3 - Added connection conn30: url=jdbc:h2:mem:testdb user=SA
2025-08-29T10:35:49.659+05:30  INFO 13760 --- [SprinBoot-Logging] [restartedMain] com.zaxxer.hikari.HikariDataSource       : HikariPool-3 - Start completed.
2025-08-29T10:35:49.660+05:30  WARN 13760 --- [SprinBoot-Logging] [restartedMain] org.hibernate.orm.deprecation            : HHH90000025: H2Dialect does not need to be specified explicitly using 'hibernate.dialect' (remove the property setting and it will be selected by default)
2025-08-29T10:35:49.661+05:30  INFO 13760 --- [SprinBoot-Logging] [restartedMain] org.hibernate.orm.connections.pooling    : HHH10001005: Database info:
	Database JDBC URL [Connecting through datasource 'HikariDataSource (HikariPool-3)']
	Database driver: undefined/unknown
	Database version: 2.2.224
	Autocommit mode: undefined/unknown
	Isolation level: undefined/unknown
	Minimum pool size: undefined/unknown
	Maximum pool size: undefined/unknown
2025-08-29T10:35:49.668+05:30  WARN 13760 --- [SprinBoot-Logging] [restartedMain] o.h.b.i.SessionFactoryOptionsBuilder     : Unrecognized hibernate.hbm2ddl.auto value: 'update  #'.  Supported values include 'create', 'create-drop', 'create-only', 'drop', 'update', 'none' and 'validate'.  Ignoring
2025-08-29T10:35:49.684+05:30 ERROR 13760 --- [SprinBoot-Logging] [restartedMain] j.LocalContainerEntityManagerFactoryBean : Failed to initialize JPA EntityManagerFactory: [PersistenceUnit: default] Unable to build Hibernate SessionFactory; nested exception is java.lang.IllegalArgumentException: Unrecognized 'hibernate.hbm2ddl.auto' setting: 'update  #'
2025-08-29T10:35:49.685+05:30  WARN 13760 --- [SprinBoot-Logging] [restartedMain] ConfigServletWebServerApplicationContext : Exception encountered during context initialization - cancelling refresh attempt: org.springframework.beans.factory.BeanCreationException: Error creating bean with name 'entityManagerFactory' defined in class path resource [org/springframework/boot/autoconfigure/orm/jpa/HibernateJpaConfiguration.class]: [PersistenceUnit: default] Unable to build Hibernate SessionFactory; nested exception is java.lang.IllegalArgumentException: Unrecognized 'hibernate.hbm2ddl.auto' setting: 'update  #'
2025-08-29T10:35:49.685+05:30  WARN 13760 --- [SprinBoot-Logging] [restartedMain] o.s.b.f.support.DisposableBeanAdapter    : Invocation of destroy method failed on bean with name 'inMemoryDatabaseShutdownExecutor': org.h2.jdbc.JdbcSQLNonTransientConnectionException: Database is already closed (to disable automatic closing at VM shutdown, add ";DB_CLOSE_ON_EXIT=FALSE" to the db URL) [90121-224]
2025-08-29T10:35:49.686+05:30  INFO 13760 --- [SprinBoot-Logging] [restartedMain] com.zaxxer.hikari.HikariDataSource       : HikariPool-3 - Shutdown initiated...
2025-08-29T10:35:49.686+05:30  INFO 13760 --- [SprinBoot-Logging] [restartedMain] com.zaxxer.hikari.HikariDataSource       : HikariPool-3 - Shutdown completed.
2025-08-29T10:35:49.687+05:30  INFO 13760 --- [SprinBoot-Logging] [restartedMain] o.apache.catalina.core.StandardService   : Stopping service [Tomcat]
2025-08-29T10:35:49.694+05:30  INFO 13760 --- [SprinBoot-Logging] [restartedMain] .s.b.a.l.ConditionEvaluationReportLogger : 

Error starting ApplicationContext. To display the condition evaluation report re-run your application with 'debug' enabled.
2025-08-29T10:35:49.720+05:30 ERROR 13760 --- [SprinBoot-Logging] [restartedMain] o.s.boot.SpringApplication               : Application run failed

org.springframework.beans.factory.BeanCreationException: Error creating bean with name 'entityManagerFactory' defined in class path resource [org/springframework/boot/autoconfigure/orm/jpa/HibernateJpaConfiguration.class]: [PersistenceUnit: default] Unable to build Hibernate SessionFactory; nested exception is java.lang.IllegalArgumentException: Unrecognized 'hibernate.hbm2ddl.auto' setting: 'update  #'
	at org.springframework.beans.factory.support.AbstractAutowireCapableBeanFactory.initializeBean(AbstractAutowireCapableBeanFactory.java:1826) ~[spring-beans-6.2.10.jar:6.2.10]
	at org.springframework.beans.factory.support.AbstractAutowireCapableBeanFactory.doCreateBean(AbstractAutowireCapableBeanFactory.java:607) ~[spring-beans-6.2.10.jar:6.2.10]
	at org.springframework.beans.factory.support.AbstractAutowireCapableBeanFactory.createBean(AbstractAutowireCapableBeanFactory.java:529) ~[spring-beans-6.2.10.jar:6.2.10]
	at org.springframework.beans.factory.support.AbstractBeanFactory.lambda$doGetBean$0(AbstractBeanFactory.java:339) ~[spring-beans-6.2.10.jar:6.2.10]
	at org.springframework.beans.factory.support.DefaultSingletonBeanRegistry.getSingleton(DefaultSingletonBeanRegistry.java:373) ~[spring-beans-6.2.10.jar:6.2.10]
	at org.springframework.beans.factory.support.AbstractBeanFactory.doGetBean(AbstractBeanFactory.java:337) ~[spring-beans-6.2.10.jar:6.2.10]
	at org.springframework.beans.factory.support.AbstractBeanFactory.getBean(AbstractBeanFactory.java:207) ~[spring-beans-6.2.10.jar:6.2.10]
	at org.springframework.context.support.AbstractApplicationContext.finishBeanFactoryInitialization(AbstractApplicationContext.java:970) ~[spring-context-6.2.10.jar:6.2.10]
	at org.springframework.context.support.AbstractApplicationContext.refresh(AbstractApplicationContext.java:627) ~[spring-context-6.2.10.jar:6.2.10]
	at org.springframework.boot.web.servlet.context.ServletWebServerApplicationContext.refresh(ServletWebServerApplicationContext.java:146) ~[spring-boot-3.5.5.jar:3.5.5]
	at org.springframework.boot.SpringApplication.refresh(SpringApplication.java:752) ~[spring-boot-3.5.5.jar:3.5.5]
	at org.springframework.boot.SpringApplication.refreshContext(SpringApplication.java:439) ~[spring-boot-3.5.5.jar:3.5.5]
	at org.springframework.boot.SpringApplication.run(SpringApplication.java:318) ~[spring-boot-3.5.5.jar:3.5.5]
	at org.springframework.boot.SpringApplication.run(SpringApplication.java:1361) ~[spring-boot-3.5.5.jar:3.5.5]
	at org.springframework.boot.SpringApplication.run(SpringApplication.java:1350) ~[spring-boot-3.5.5.jar:3.5.5]
	at com.neosoft.SprinBootLoggingApplication.main(SprinBootLoggingApplication.java:10) ~[classes/:na]
	at java.base/jdk.internal.reflect.NativeMethodAccessorImpl.invoke0(Native Method) ~[na:na]
	at java.base/jdk.internal.reflect.NativeMethodAccessorImpl.invoke(NativeMethodAccessorImpl.java:77) ~[na:na]
	at java.base/jdk.internal.reflect.DelegatingMethodAccessorImpl.invoke(DelegatingMethodAccessorImpl.java:43) ~[na:na]
	at java.base/java.lang.reflect.Method.invoke(Method.java:568) ~[na:na]
	at org.springframework.boot.devtools.restart.RestartLauncher.run(RestartLauncher.java:50) ~[spring-boot-devtools-3.5.5.jar:3.5.5]
Caused by: jakarta.persistence.PersistenceException: [PersistenceUnit: default] Unable to build Hibernate SessionFactory; nested exception is java.lang.IllegalArgumentException: Unrecognized 'hibernate.hbm2ddl.auto' setting: 'update  #'
	at org.springframework.orm.jpa.AbstractEntityManagerFactoryBean.buildNativeEntityManagerFactory(AbstractEntityManagerFactoryBean.java:431) ~[spring-orm-6.2.10.jar:6.2.10]
	at org.springframework.orm.jpa.AbstractEntityManagerFactoryBean.afterPropertiesSet(AbstractEntityManagerFactoryBean.java:400) ~[spring-orm-6.2.10.jar:6.2.10]
	at org.springframework.orm.jpa.LocalContainerEntityManagerFactoryBean.afterPropertiesSet(LocalContainerEntityManagerFactoryBean.java:366) ~[spring-orm-6.2.10.jar:6.2.10]
	at org.springframework.beans.factory.support.AbstractAutowireCapableBeanFactory.invokeInitMethods(AbstractAutowireCapableBeanFactory.java:1873) ~[spring-beans-6.2.10.jar:6.2.10]
	at org.springframework.beans.factory.support.AbstractAutowireCapableBeanFactory.initializeBean(AbstractAutowireCapableBeanFactory.java:1822) ~[spring-beans-6.2.10.jar:6.2.10]
	... 20 common frames omitted
Caused by: java.lang.IllegalArgumentException: Unrecognized 'hibernate.hbm2ddl.auto' setting: 'update  #'
	at org.hibernate.tool.schema.Action.interpretHbm2ddlSetting(Action.java:305) ~[hibernate-core-6.6.26.Final.jar:6.6.26.Final]
	at org.hibernate.tool.schema.spi.SchemaManagementToolCoordinator$ActionGrouping.determineAutoSettingImpliedAction(SchemaManagementToolCoordinator.java:721) ~[hibernate-core-6.6.26.Final.jar:6.6.26.Final]
	at org.hibernate.tool.schema.spi.SchemaManagementToolCoordinator$ActionGrouping.interpret(SchemaManagementToolCoordinator.java:729) ~[hibernate-core-6.6.26.Final.jar:6.6.26.Final]
	at org.hibernate.tool.schema.spi.SchemaManagementToolCoordinator$ActionGrouping.interpret(SchemaManagementToolCoordinator.java:766) ~[hibernate-core-6.6.26.Final.jar:6.6.26.Final]
	at org.hibernate.boot.internal.MetadataImpl.shouldOrderTableColumns(MetadataImpl.java:476) ~[hibernate-core-6.6.26.Final.jar:6.6.26.Final]
	at org.hibernate.boot.internal.MetadataImpl.orderColumns(MetadataImpl.java:405) ~[hibernate-core-6.6.26.Final.jar:6.6.26.Final]
	at org.hibernate.internal.SessionFactoryImpl.<init>(SessionFactoryImpl.java:281) ~[hibernate-core-6.6.26.Final.jar:6.6.26.Final]
	at org.hibernate.boot.internal.SessionFactoryBuilderImpl.build(SessionFactoryBuilderImpl.java:463) ~[hibernate-core-6.6.26.Final.jar:6.6.26.Final]
	at org.hibernate.jpa.boot.internal.EntityManagerFactoryBuilderImpl.build(EntityManagerFactoryBuilderImpl.java:1517) ~[hibernate-core-6.6.26.Final.jar:6.6.26.Final]
	at org.springframework.orm.jpa.vendor.SpringHibernateJpaPersistenceProvider.createContainerEntityManagerFactory(SpringHibernateJpaPersistenceProvider.java:66) ~[spring-orm-6.2.10.jar:6.2.10]
	at org.springframework.orm.jpa.LocalContainerEntityManagerFactoryBean.createNativeEntityManagerFactory(LocalContainerEntityManagerFactoryBean.java:390) ~[spring-orm-6.2.10.jar:6.2.10]
	at org.springframework.orm.jpa.AbstractEntityManagerFactoryBean.buildNativeEntityManagerFactory(AbstractEntityManagerFactoryBean.java:419) ~[spring-orm-6.2.10.jar:6.2.10]
	... 24 common frames omitted

2025-08-29T10:36:37.111+05:30  INFO 23676 --- [SprinBoot-Logging] [restartedMain] c.neosoft.SprinBootLoggingApplication    : Starting SprinBootLoggingApplication using Java 17.0.2 with PID 23676 (D:\eclipse-workspace\SprinBoot-Logging\target\classes started by user in D:\eclipse-workspace\SprinBoot-Logging)
2025-08-29T10:36:37.116+05:30 DEBUG 23676 --- [SprinBoot-Logging] [restartedMain] c.neosoft.SprinBootLoggingApplication    : Running with Spring Boot v3.5.5, Spring v6.2.10
2025-08-29T10:36:37.117+05:30  INFO 23676 --- [SprinBoot-Logging] [restartedMain] c.neosoft.SprinBootLoggingApplication    : No active profile set, falling back to 1 default profile: "default"
2025-08-29T10:36:37.177+05:30  INFO 23676 --- [SprinBoot-Logging] [restartedMain] .e.DevToolsPropertyDefaultsPostProcessor : Devtools property defaults active! Set 'spring.devtools.add-properties' to 'false' to disable
2025-08-29T10:36:37.178+05:30  INFO 23676 --- [SprinBoot-Logging] [restartedMain] .e.DevToolsPropertyDefaultsPostProcessor : For additional web related logging consider setting the 'logging.level.web' property to 'DEBUG'
2025-08-29T10:36:37.972+05:30  INFO 23676 --- [SprinBoot-Logging] [restartedMain] .s.d.r.c.RepositoryConfigurationDelegate : Bootstrapping Spring Data JPA repositories in DEFAULT mode.
2025-08-29T10:36:38.046+05:30  INFO 23676 --- [SprinBoot-Logging] [restartedMain] .s.d.r.c.RepositoryConfigurationDelegate : Finished Spring Data repository scanning in 60 ms. Found 1 JPA repository interface.
2025-08-29T10:36:38.818+05:30  INFO 23676 --- [SprinBoot-Logging] [restartedMain] o.s.b.w.embedded.tomcat.TomcatWebServer  : Tomcat initialized with port 8080 (http)
2025-08-29T10:36:38.836+05:30  INFO 23676 --- [SprinBoot-Logging] [restartedMain] o.apache.catalina.core.StandardService   : Starting service [Tomcat]
2025-08-29T10:36:38.836+05:30  INFO 23676 --- [SprinBoot-Logging] [restartedMain] o.apache.catalina.core.StandardEngine    : Starting Servlet engine: [Apache Tomcat/10.1.44]
2025-08-29T10:36:38.937+05:30  INFO 23676 --- [SprinBoot-Logging] [restartedMain] o.a.c.c.C.[Tomcat].[localhost].[/]       : Initializing Spring embedded WebApplicationContext
2025-08-29T10:36:38.938+05:30  INFO 23676 --- [SprinBoot-Logging] [restartedMain] w.s.c.ServletWebServerApplicationContext : Root WebApplicationContext: initialization completed in 1760 ms
2025-08-29T10:36:39.194+05:30  INFO 23676 --- [SprinBoot-Logging] [restartedMain] o.hibernate.jpa.internal.util.LogHelper  : HHH000204: Processing PersistenceUnitInfo [name: default]
2025-08-29T10:36:39.287+05:30  INFO 23676 --- [SprinBoot-Logging] [restartedMain] org.hibernate.Version                    : HHH000412: Hibernate ORM core version 6.6.26.Final
2025-08-29T10:36:39.331+05:30  INFO 23676 --- [SprinBoot-Logging] [restartedMain] o.h.c.internal.RegionFactoryInitiator    : HHH000026: Second-level cache disabled
2025-08-29T10:36:39.663+05:30  INFO 23676 --- [SprinBoot-Logging] [restartedMain] o.s.o.j.p.SpringPersistenceUnitInfo      : No LoadTimeWeaver setup: ignoring JPA class transformer
2025-08-29T10:36:39.708+05:30  INFO 23676 --- [SprinBoot-Logging] [restartedMain] com.zaxxer.hikari.HikariDataSource       : HikariPool-1 - Starting...
2025-08-29T10:36:39.918+05:30  INFO 23676 --- [SprinBoot-Logging] [restartedMain] com.zaxxer.hikari.pool.HikariPool        : HikariPool-1 - Added connection conn0: url=jdbc:h2:mem:testdb user=SA
2025-08-29T10:36:39.920+05:30  INFO 23676 --- [SprinBoot-Logging] [restartedMain] com.zaxxer.hikari.HikariDataSource       : HikariPool-1 - Start completed.
2025-08-29T10:36:39.950+05:30  WARN 23676 --- [SprinBoot-Logging] [restartedMain] org.hibernate.orm.deprecation            : HHH90000025: H2Dialect does not need to be specified explicitly using 'hibernate.dialect' (remove the property setting and it will be selected by default)
2025-08-29T10:36:39.983+05:30  INFO 23676 --- [SprinBoot-Logging] [restartedMain] org.hibernate.orm.connections.pooling    : HHH10001005: Database info:
	Database JDBC URL [Connecting through datasource 'HikariDataSource (HikariPool-1)']
	Database driver: undefined/unknown
	Database version: 2.2.224
	Autocommit mode: undefined/unknown
	Isolation level: undefined/unknown
	Minimum pool size: undefined/unknown
	Maximum pool size: undefined/unknown
2025-08-29T10:36:40.268+05:30  WARN 23676 --- [SprinBoot-Logging] [restartedMain] o.h.b.i.SessionFactoryOptionsBuilder     : Unrecognized hibernate.hbm2ddl.auto value: 'update  #'.  Supported values include 'create', 'create-drop', 'create-only', 'drop', 'update', 'none' and 'validate'.  Ignoring
2025-08-29T10:36:40.372+05:30 ERROR 23676 --- [SprinBoot-Logging] [restartedMain] j.LocalContainerEntityManagerFactoryBean : Failed to initialize JPA EntityManagerFactory: [PersistenceUnit: default] Unable to build Hibernate SessionFactory; nested exception is java.lang.IllegalArgumentException: Unrecognized 'hibernate.hbm2ddl.auto' setting: 'update  #'
2025-08-29T10:36:40.373+05:30  WARN 23676 --- [SprinBoot-Logging] [restartedMain] ConfigServletWebServerApplicationContext : Exception encountered during context initialization - cancelling refresh attempt: org.springframework.beans.factory.BeanCreationException: Error creating bean with name 'entityManagerFactory' defined in class path resource [org/springframework/boot/autoconfigure/orm/jpa/HibernateJpaConfiguration.class]: [PersistenceUnit: default] Unable to build Hibernate SessionFactory; nested exception is java.lang.IllegalArgumentException: Unrecognized 'hibernate.hbm2ddl.auto' setting: 'update  #'
2025-08-29T10:36:40.381+05:30  WARN 23676 --- [SprinBoot-Logging] [restartedMain] o.s.b.f.support.DisposableBeanAdapter    : Invocation of destroy method failed on bean with name 'inMemoryDatabaseShutdownExecutor': org.h2.jdbc.JdbcSQLNonTransientConnectionException: Database is already closed (to disable automatic closing at VM shutdown, add ";DB_CLOSE_ON_EXIT=FALSE" to the db URL) [90121-224]
2025-08-29T10:36:40.382+05:30  INFO 23676 --- [SprinBoot-Logging] [restartedMain] com.zaxxer.hikari.HikariDataSource       : HikariPool-1 - Shutdown initiated...
2025-08-29T10:36:40.387+05:30  INFO 23676 --- [SprinBoot-Logging] [restartedMain] com.zaxxer.hikari.HikariDataSource       : HikariPool-1 - Shutdown completed.
2025-08-29T10:36:40.391+05:30  INFO 23676 --- [SprinBoot-Logging] [restartedMain] o.apache.catalina.core.StandardService   : Stopping service [Tomcat]
2025-08-29T10:36:40.406+05:30  INFO 23676 --- [SprinBoot-Logging] [restartedMain] .s.b.a.l.ConditionEvaluationReportLogger : 

Error starting ApplicationContext. To display the condition evaluation report re-run your application with 'debug' enabled.
2025-08-29T10:36:40.426+05:30 ERROR 23676 --- [SprinBoot-Logging] [restartedMain] o.s.boot.SpringApplication               : Application run failed

org.springframework.beans.factory.BeanCreationException: Error creating bean with name 'entityManagerFactory' defined in class path resource [org/springframework/boot/autoconfigure/orm/jpa/HibernateJpaConfiguration.class]: [PersistenceUnit: default] Unable to build Hibernate SessionFactory; nested exception is java.lang.IllegalArgumentException: Unrecognized 'hibernate.hbm2ddl.auto' setting: 'update  #'
	at org.springframework.beans.factory.support.AbstractAutowireCapableBeanFactory.initializeBean(AbstractAutowireCapableBeanFactory.java:1826) ~[spring-beans-6.2.10.jar:6.2.10]
	at org.springframework.beans.factory.support.AbstractAutowireCapableBeanFactory.doCreateBean(AbstractAutowireCapableBeanFactory.java:607) ~[spring-beans-6.2.10.jar:6.2.10]
	at org.springframework.beans.factory.support.AbstractAutowireCapableBeanFactory.createBean(AbstractAutowireCapableBeanFactory.java:529) ~[spring-beans-6.2.10.jar:6.2.10]
	at org.springframework.beans.factory.support.AbstractBeanFactory.lambda$doGetBean$0(AbstractBeanFactory.java:339) ~[spring-beans-6.2.10.jar:6.2.10]
	at org.springframework.beans.factory.support.DefaultSingletonBeanRegistry.getSingleton(DefaultSingletonBeanRegistry.java:373) ~[spring-beans-6.2.10.jar:6.2.10]
	at org.springframework.beans.factory.support.AbstractBeanFactory.doGetBean(AbstractBeanFactory.java:337) ~[spring-beans-6.2.10.jar:6.2.10]
	at org.springframework.beans.factory.support.AbstractBeanFactory.getBean(AbstractBeanFactory.java:207) ~[spring-beans-6.2.10.jar:6.2.10]
	at org.springframework.context.support.AbstractApplicationContext.finishBeanFactoryInitialization(AbstractApplicationContext.java:970) ~[spring-context-6.2.10.jar:6.2.10]
	at org.springframework.context.support.AbstractApplicationContext.refresh(AbstractApplicationContext.java:627) ~[spring-context-6.2.10.jar:6.2.10]
	at org.springframework.boot.web.servlet.context.ServletWebServerApplicationContext.refresh(ServletWebServerApplicationContext.java:146) ~[spring-boot-3.5.5.jar:3.5.5]
	at org.springframework.boot.SpringApplication.refresh(SpringApplication.java:752) ~[spring-boot-3.5.5.jar:3.5.5]
	at org.springframework.boot.SpringApplication.refreshContext(SpringApplication.java:439) ~[spring-boot-3.5.5.jar:3.5.5]
	at org.springframework.boot.SpringApplication.run(SpringApplication.java:318) ~[spring-boot-3.5.5.jar:3.5.5]
	at org.springframework.boot.SpringApplication.run(SpringApplication.java:1361) ~[spring-boot-3.5.5.jar:3.5.5]
	at org.springframework.boot.SpringApplication.run(SpringApplication.java:1350) ~[spring-boot-3.5.5.jar:3.5.5]
	at com.neosoft.SprinBootLoggingApplication.main(SprinBootLoggingApplication.java:10) ~[classes/:na]
	at java.base/jdk.internal.reflect.NativeMethodAccessorImpl.invoke0(Native Method) ~[na:na]
	at java.base/jdk.internal.reflect.NativeMethodAccessorImpl.invoke(NativeMethodAccessorImpl.java:77) ~[na:na]
	at java.base/jdk.internal.reflect.DelegatingMethodAccessorImpl.invoke(DelegatingMethodAccessorImpl.java:43) ~[na:na]
	at java.base/java.lang.reflect.Method.invoke(Method.java:568) ~[na:na]
	at org.springframework.boot.devtools.restart.RestartLauncher.run(RestartLauncher.java:50) ~[spring-boot-devtools-3.5.5.jar:3.5.5]
Caused by: jakarta.persistence.PersistenceException: [PersistenceUnit: default] Unable to build Hibernate SessionFactory; nested exception is java.lang.IllegalArgumentException: Unrecognized 'hibernate.hbm2ddl.auto' setting: 'update  #'
	at org.springframework.orm.jpa.AbstractEntityManagerFactoryBean.buildNativeEntityManagerFactory(AbstractEntityManagerFactoryBean.java:431) ~[spring-orm-6.2.10.jar:6.2.10]
	at org.springframework.orm.jpa.AbstractEntityManagerFactoryBean.afterPropertiesSet(AbstractEntityManagerFactoryBean.java:400) ~[spring-orm-6.2.10.jar:6.2.10]
	at org.springframework.orm.jpa.LocalContainerEntityManagerFactoryBean.afterPropertiesSet(LocalContainerEntityManagerFactoryBean.java:366) ~[spring-orm-6.2.10.jar:6.2.10]
	at org.springframework.beans.factory.support.AbstractAutowireCapableBeanFactory.invokeInitMethods(AbstractAutowireCapableBeanFactory.java:1873) ~[spring-beans-6.2.10.jar:6.2.10]
	at org.springframework.beans.factory.support.AbstractAutowireCapableBeanFactory.initializeBean(AbstractAutowireCapableBeanFactory.java:1822) ~[spring-beans-6.2.10.jar:6.2.10]
	... 20 common frames omitted
Caused by: java.lang.IllegalArgumentException: Unrecognized 'hibernate.hbm2ddl.auto' setting: 'update  #'
	at org.hibernate.tool.schema.Action.interpretHbm2ddlSetting(Action.java:305) ~[hibernate-core-6.6.26.Final.jar:6.6.26.Final]
	at org.hibernate.tool.schema.spi.SchemaManagementToolCoordinator$ActionGrouping.determineAutoSettingImpliedAction(SchemaManagementToolCoordinator.java:721) ~[hibernate-core-6.6.26.Final.jar:6.6.26.Final]
	at org.hibernate.tool.schema.spi.SchemaManagementToolCoordinator$ActionGrouping.interpret(SchemaManagementToolCoordinator.java:729) ~[hibernate-core-6.6.26.Final.jar:6.6.26.Final]
	at org.hibernate.tool.schema.spi.SchemaManagementToolCoordinator$ActionGrouping.interpret(SchemaManagementToolCoordinator.java:766) ~[hibernate-core-6.6.26.Final.jar:6.6.26.Final]
	at org.hibernate.boot.internal.MetadataImpl.shouldOrderTableColumns(MetadataImpl.java:476) ~[hibernate-core-6.6.26.Final.jar:6.6.26.Final]
	at org.hibernate.boot.internal.MetadataImpl.orderColumns(MetadataImpl.java:405) ~[hibernate-core-6.6.26.Final.jar:6.6.26.Final]
	at org.hibernate.internal.SessionFactoryImpl.<init>(SessionFactoryImpl.java:281) ~[hibernate-core-6.6.26.Final.jar:6.6.26.Final]
	at org.hibernate.boot.internal.SessionFactoryBuilderImpl.build(SessionFactoryBuilderImpl.java:463) ~[hibernate-core-6.6.26.Final.jar:6.6.26.Final]
	at org.hibernate.jpa.boot.internal.EntityManagerFactoryBuilderImpl.build(EntityManagerFactoryBuilderImpl.java:1517) ~[hibernate-core-6.6.26.Final.jar:6.6.26.Final]
	at org.springframework.orm.jpa.vendor.SpringHibernateJpaPersistenceProvider.createContainerEntityManagerFactory(SpringHibernateJpaPersistenceProvider.java:66) ~[spring-orm-6.2.10.jar:6.2.10]
	at org.springframework.orm.jpa.LocalContainerEntityManagerFactoryBean.createNativeEntityManagerFactory(LocalContainerEntityManagerFactoryBean.java:390) ~[spring-orm-6.2.10.jar:6.2.10]
	at org.springframework.orm.jpa.AbstractEntityManagerFactoryBean.buildNativeEntityManagerFactory(AbstractEntityManagerFactoryBean.java:419) ~[spring-orm-6.2.10.jar:6.2.10]
	... 24 common frames omitted

2025-08-29T10:37:12.925+05:30  INFO 8644 --- [SprinBoot-Logging] [restartedMain] c.neosoft.SprinBootLoggingApplication    : Starting SprinBootLoggingApplication using Java 17.0.2 with PID 8644 (D:\eclipse-workspace\SprinBoot-Logging\target\classes started by user in D:\eclipse-workspace\SprinBoot-Logging)
2025-08-29T10:37:12.929+05:30 DEBUG 8644 --- [SprinBoot-Logging] [restartedMain] c.neosoft.SprinBootLoggingApplication    : Running with Spring Boot v3.5.5, Spring v6.2.10
2025-08-29T10:37:12.930+05:30  INFO 8644 --- [SprinBoot-Logging] [restartedMain] c.neosoft.SprinBootLoggingApplication    : No active profile set, falling back to 1 default profile: "default"
2025-08-29T10:37:12.995+05:30  INFO 8644 --- [SprinBoot-Logging] [restartedMain] .e.DevToolsPropertyDefaultsPostProcessor : Devtools property defaults active! Set 'spring.devtools.add-properties' to 'false' to disable
2025-08-29T10:37:12.995+05:30  INFO 8644 --- [SprinBoot-Logging] [restartedMain] .e.DevToolsPropertyDefaultsPostProcessor : For additional web related logging consider setting the 'logging.level.web' property to 'DEBUG'
2025-08-29T10:37:13.734+05:30  INFO 8644 --- [SprinBoot-Logging] [restartedMain] .s.d.r.c.RepositoryConfigurationDelegate : Bootstrapping Spring Data JPA repositories in DEFAULT mode.
2025-08-29T10:37:13.814+05:30  INFO 8644 --- [SprinBoot-Logging] [restartedMain] .s.d.r.c.RepositoryConfigurationDelegate : Finished Spring Data repository scanning in 69 ms. Found 1 JPA repository interface.
2025-08-29T10:37:14.477+05:30  INFO 8644 --- [SprinBoot-Logging] [restartedMain] o.s.b.w.embedded.tomcat.TomcatWebServer  : Tomcat initialized with port 8080 (http)
2025-08-29T10:37:14.493+05:30  INFO 8644 --- [SprinBoot-Logging] [restartedMain] o.apache.catalina.core.StandardService   : Starting service [Tomcat]
2025-08-29T10:37:14.493+05:30  INFO 8644 --- [SprinBoot-Logging] [restartedMain] o.apache.catalina.core.StandardEngine    : Starting Servlet engine: [Apache Tomcat/10.1.44]
2025-08-29T10:37:14.543+05:30  INFO 8644 --- [SprinBoot-Logging] [restartedMain] o.a.c.c.C.[Tomcat].[localhost].[/]       : Initializing Spring embedded WebApplicationContext
2025-08-29T10:37:14.543+05:30  INFO 8644 --- [SprinBoot-Logging] [restartedMain] w.s.c.ServletWebServerApplicationContext : Root WebApplicationContext: initialization completed in 1547 ms
2025-08-29T10:37:14.763+05:30  INFO 8644 --- [SprinBoot-Logging] [restartedMain] o.hibernate.jpa.internal.util.LogHelper  : HHH000204: Processing PersistenceUnitInfo [name: default]
2025-08-29T10:37:14.821+05:30  INFO 8644 --- [SprinBoot-Logging] [restartedMain] org.hibernate.Version                    : HHH000412: Hibernate ORM core version 6.6.26.Final
2025-08-29T10:37:14.857+05:30  INFO 8644 --- [SprinBoot-Logging] [restartedMain] o.h.c.internal.RegionFactoryInitiator    : HHH000026: Second-level cache disabled
2025-08-29T10:37:15.157+05:30  INFO 8644 --- [SprinBoot-Logging] [restartedMain] o.s.o.j.p.SpringPersistenceUnitInfo      : No LoadTimeWeaver setup: ignoring JPA class transformer
2025-08-29T10:37:15.192+05:30  INFO 8644 --- [SprinBoot-Logging] [restartedMain] com.zaxxer.hikari.HikariDataSource       : HikariPool-1 - Starting...
2025-08-29T10:37:15.381+05:30  INFO 8644 --- [SprinBoot-Logging] [restartedMain] com.zaxxer.hikari.pool.HikariPool        : HikariPool-1 - Added connection conn0: url=jdbc:h2:mem:testdb user=SA
2025-08-29T10:37:15.382+05:30  INFO 8644 --- [SprinBoot-Logging] [restartedMain] com.zaxxer.hikari.HikariDataSource       : HikariPool-1 - Start completed.
2025-08-29T10:37:15.410+05:30  WARN 8644 --- [SprinBoot-Logging] [restartedMain] org.hibernate.orm.deprecation            : HHH90000025: H2Dialect does not need to be specified explicitly using 'hibernate.dialect' (remove the property setting and it will be selected by default)
2025-08-29T10:37:15.442+05:30  INFO 8644 --- [SprinBoot-Logging] [restartedMain] org.hibernate.orm.connections.pooling    : HHH10001005: Database info:
	Database JDBC URL [Connecting through datasource 'HikariDataSource (HikariPool-1)']
	Database driver: undefined/unknown
	Database version: 2.2.224
	Autocommit mode: undefined/unknown
	Isolation level: undefined/unknown
	Minimum pool size: undefined/unknown
	Maximum pool size: undefined/unknown
2025-08-29T10:37:16.488+05:30  INFO 8644 --- [SprinBoot-Logging] [restartedMain] o.h.e.t.j.p.i.JtaPlatformInitiator       : HHH000489: No JTA platform available (set 'hibernate.transaction.jta.platform' to enable JTA platform integration)
2025-08-29T10:37:16.587+05:30  INFO 8644 --- [SprinBoot-Logging] [restartedMain] j.LocalContainerEntityManagerFactoryBean : Initialized JPA EntityManagerFactory for persistence unit 'default'
2025-08-29T10:37:16.861+05:30  WARN 8644 --- [SprinBoot-Logging] [restartedMain] JpaBaseConfiguration$JpaWebConfiguration : spring.jpa.open-in-view is enabled by default. Therefore, database queries may be performed during view rendering. Explicitly configure spring.jpa.open-in-view to disable this warning
2025-08-29T10:37:17.192+05:30  INFO 8644 --- [SprinBoot-Logging] [restartedMain] o.s.b.a.h2.H2ConsoleAutoConfiguration    : H2 console available at '/h2-console'. Database available at 'jdbc:h2:mem:testdb'
2025-08-29T10:37:17.315+05:30  INFO 8644 --- [SprinBoot-Logging] [restartedMain] o.s.b.d.a.OptionalLiveReloadServer       : LiveReload server is running on port 35729
2025-08-29T10:37:17.358+05:30  INFO 8644 --- [SprinBoot-Logging] [restartedMain] o.s.b.w.embedded.tomcat.TomcatWebServer  : Tomcat started on port 8080 (http) with context path '/'
2025-08-29T10:37:17.371+05:30  INFO 8644 --- [SprinBoot-Logging] [restartedMain] c.neosoft.SprinBootLoggingApplication    : Started SprinBootLoggingApplication in 5.101 seconds (process running for 5.851)
2025-08-29T10:37:33.813+05:30  INFO 8644 --- [SprinBoot-Logging] [http-nio-8080-exec-2] o.a.c.c.C.[Tomcat].[localhost].[/]       : Initializing Spring DispatcherServlet 'dispatcherServlet'
2025-08-29T10:37:33.814+05:30  INFO 8644 --- [SprinBoot-Logging] [http-nio-8080-exec-2] o.s.web.servlet.DispatcherServlet        : Initializing Servlet 'dispatcherServlet'
2025-08-29T10:37:33.819+05:30  INFO 8644 --- [SprinBoot-Logging] [http-nio-8080-exec-2] o.s.web.servlet.DispatcherServlet        : Completed initialization in 4 ms
2025-08-29T10:37:34.271+05:30  INFO 8644 --- [SprinBoot-Logging] [http-nio-8080-exec-2] com.neosoft.Service.UserServiceClass     : New Usre Created With POstAMn By Passing Json Content 
2025-08-29T10:37:38.693+05:30  INFO 8644 --- [SprinBoot-Logging] [http-nio-8080-exec-3] com.neosoft.Service.UserServiceClass     : New Usre Created With POstAMn By Passing Json Content 
2025-08-29T10:37:40.202+05:30  INFO 8644 --- [SprinBoot-Logging] [http-nio-8080-exec-4] com.neosoft.Service.UserServiceClass     : New Usre Created With POstAMn By Passing Json Content 
2025-08-29T10:37:41.214+05:30  INFO 8644 --- [SprinBoot-Logging] [http-nio-8080-exec-5] com.neosoft.Service.UserServiceClass     : New Usre Created With POstAMn By Passing Json Content 
2025-08-29T10:37:42.475+05:30  INFO 8644 --- [SprinBoot-Logging] [http-nio-8080-exec-6] com.neosoft.Service.UserServiceClass     : New Usre Created With POstAMn By Passing Json Content 
2025-08-29T10:41:22.140+05:30  INFO 8644 --- [SprinBoot-Logging] [File Watcher] rtingClassPathChangeChangedEventListener : Restarting due to 7 class path changes (0 additions, 7 deletions, 0 modifications)
2025-08-29T10:41:22.147+05:30  INFO 8644 --- [SprinBoot-Logging] [Thread-5] o.s.b.w.e.tomcat.GracefulShutdown        : Commencing graceful shutdown. Waiting for active requests to complete
2025-08-29T10:41:22.375+05:30  INFO 8644 --- [SprinBoot-Logging] [tomcat-shutdown] o.s.b.w.e.tomcat.GracefulShutdown        : Graceful shutdown complete
2025-08-29T10:41:22.381+05:30  INFO 8644 --- [SprinBoot-Logging] [Thread-5] j.LocalContainerEntityManagerFactoryBean : Closing JPA EntityManagerFactory for persistence unit 'default'
2025-08-29T10:41:22.394+05:30  WARN 8644 --- [SprinBoot-Logging] [Thread-5] o.s.b.f.support.DisposableBeanAdapter    : Invocation of destroy method failed on bean with name 'inMemoryDatabaseShutdownExecutor': org.h2.jdbc.JdbcSQLNonTransientConnectionException: Database is already closed (to disable automatic closing at VM shutdown, add ";DB_CLOSE_ON_EXIT=FALSE" to the db URL) [90121-224]
2025-08-29T10:41:22.395+05:30  INFO 8644 --- [SprinBoot-Logging] [Thread-5] com.zaxxer.hikari.HikariDataSource       : HikariPool-1 - Shutdown initiated...
2025-08-29T10:41:22.398+05:30  INFO 8644 --- [SprinBoot-Logging] [Thread-5] com.zaxxer.hikari.HikariDataSource       : HikariPool-1 - Shutdown completed.
2025-08-29T10:41:22.764+05:30  INFO 8644 --- [SprinBoot-Logging] [restartedMain] c.neosoft.SprinBootLoggingApplication    : Starting SprinBootLoggingApplication using Java 17.0.2 with PID 8644 (D:\eclipse-workspace\SprinBoot-Logging\target\classes started by user in D:\eclipse-workspace\SprinBoot-Logging)
2025-08-29T10:41:22.764+05:30 DEBUG 8644 --- [SprinBoot-Logging] [restartedMain] c.neosoft.SprinBootLoggingApplication    : Running with Spring Boot v3.5.5, Spring v6.2.10
2025-08-29T10:41:22.764+05:30  INFO 8644 --- [SprinBoot-Logging] [restartedMain] c.neosoft.SprinBootLoggingApplication    : No active profile set, falling back to 1 default profile: "default"
2025-08-29T10:41:23.321+05:30  INFO 8644 --- [SprinBoot-Logging] [restartedMain] .s.d.r.c.RepositoryConfigurationDelegate : Bootstrapping Spring Data JPA repositories in DEFAULT mode.
2025-08-29T10:41:23.352+05:30  INFO 8644 --- [SprinBoot-Logging] [restartedMain] .s.d.r.c.RepositoryConfigurationDelegate : Finished Spring Data repository scanning in 26 ms. Found 1 JPA repository interface.
2025-08-29T10:41:24.126+05:30  INFO 8644 --- [SprinBoot-Logging] [restartedMain] o.s.b.w.embedded.tomcat.TomcatWebServer  : Tomcat initialized with port 8080 (http)
2025-08-29T10:41:24.127+05:30  INFO 8644 --- [SprinBoot-Logging] [restartedMain] o.apache.catalina.core.StandardService   : Starting service [Tomcat]
2025-08-29T10:41:24.128+05:30  INFO 8644 --- [SprinBoot-Logging] [restartedMain] o.apache.catalina.core.StandardEngine    : Starting Servlet engine: [Apache Tomcat/10.1.44]
2025-08-29T10:41:24.176+05:30  INFO 8644 --- [SprinBoot-Logging] [restartedMain] o.a.c.c.C.[Tomcat].[localhost].[/]       : Initializing Spring embedded WebApplicationContext
2025-08-29T10:41:24.177+05:30  INFO 8644 --- [SprinBoot-Logging] [restartedMain] w.s.c.ServletWebServerApplicationContext : Root WebApplicationContext: initialization completed in 1405 ms
2025-08-29T10:41:24.583+05:30  INFO 8644 --- [SprinBoot-Logging] [restartedMain] o.hibernate.jpa.internal.util.LogHelper  : HHH000204: Processing PersistenceUnitInfo [name: default]
2025-08-29T10:41:24.601+05:30  INFO 8644 --- [SprinBoot-Logging] [restartedMain] o.h.c.internal.RegionFactoryInitiator    : HHH000026: Second-level cache disabled
2025-08-29T10:41:24.637+05:30  INFO 8644 --- [SprinBoot-Logging] [restartedMain] o.s.o.j.p.SpringPersistenceUnitInfo      : No LoadTimeWeaver setup: ignoring JPA class transformer
2025-08-29T10:41:24.640+05:30  INFO 8644 --- [SprinBoot-Logging] [restartedMain] com.zaxxer.hikari.HikariDataSource       : HikariPool-2 - Starting...
2025-08-29T10:41:24.689+05:30  INFO 8644 --- [SprinBoot-Logging] [restartedMain] com.zaxxer.hikari.pool.HikariPool        : HikariPool-2 - Added connection conn11: url=jdbc:h2:mem:testdb user=SA
2025-08-29T10:41:24.691+05:30  INFO 8644 --- [SprinBoot-Logging] [restartedMain] com.zaxxer.hikari.HikariDataSource       : HikariPool-2 - Start completed.
2025-08-29T10:41:24.693+05:30  WARN 8644 --- [SprinBoot-Logging] [restartedMain] org.hibernate.orm.deprecation            : HHH90000025: H2Dialect does not need to be specified explicitly using 'hibernate.dialect' (remove the property setting and it will be selected by default)
2025-08-29T10:41:24.695+05:30  INFO 8644 --- [SprinBoot-Logging] [restartedMain] org.hibernate.orm.connections.pooling    : HHH10001005: Database info:
	Database JDBC URL [Connecting through datasource 'HikariDataSource (HikariPool-2)']
	Database driver: undefined/unknown
	Database version: 2.2.224
	Autocommit mode: undefined/unknown
	Isolation level: undefined/unknown
	Minimum pool size: undefined/unknown
	Maximum pool size: undefined/unknown
2025-08-29T10:41:24.767+05:30  INFO 8644 --- [SprinBoot-Logging] [restartedMain] o.h.e.t.j.p.i.JtaPlatformInitiator       : HHH000489: No JTA platform available (set 'hibernate.transaction.jta.platform' to enable JTA platform integration)
2025-08-29T10:41:24.771+05:30  INFO 8644 --- [SprinBoot-Logging] [restartedMain] j.LocalContainerEntityManagerFactoryBean : Initialized JPA EntityManagerFactory for persistence unit 'default'
2025-08-29T10:41:24.829+05:30  WARN 8644 --- [SprinBoot-Logging] [restartedMain] JpaBaseConfiguration$JpaWebConfiguration : spring.jpa.open-in-view is enabled by default. Therefore, database queries may be performed during view rendering. Explicitly configure spring.jpa.open-in-view to disable this warning
2025-08-29T10:41:24.911+05:30  INFO 8644 --- [SprinBoot-Logging] [restartedMain] o.s.b.a.h2.H2ConsoleAutoConfiguration    : H2 console available at '/h2-console'. Database available at 'jdbc:h2:mem:testdb'
2025-08-29T10:41:24.931+05:30  INFO 8644 --- [SprinBoot-Logging] [restartedMain] o.s.b.d.a.OptionalLiveReloadServer       : LiveReload server is running on port 35729
2025-08-29T10:41:24.945+05:30  INFO 8644 --- [SprinBoot-Logging] [restartedMain] o.s.b.w.embedded.tomcat.TomcatWebServer  : Tomcat started on port 8080 (http) with context path '/'
2025-08-29T10:41:24.949+05:30  INFO 8644 --- [SprinBoot-Logging] [restartedMain] c.neosoft.SprinBootLoggingApplication    : Started SprinBootLoggingApplication in 2.444 seconds (process running for 253.429)
2025-08-29T10:41:24.953+05:30  INFO 8644 --- [SprinBoot-Logging] [restartedMain] .ConditionEvaluationDeltaLoggingListener : Condition evaluation unchanged
2025-08-29T10:41:26.354+05:30  INFO 8644 --- [SprinBoot-Logging] [File Watcher] rtingClassPathChangeChangedEventListener : Restarting due to 7 class path changes (7 additions, 0 deletions, 0 modifications)
2025-08-29T10:41:26.356+05:30  INFO 8644 --- [SprinBoot-Logging] [Thread-7] o.s.b.w.e.tomcat.GracefulShutdown        : Commencing graceful shutdown. Waiting for active requests to complete
2025-08-29T10:41:26.528+05:30  INFO 8644 --- [SprinBoot-Logging] [tomcat-shutdown] o.s.b.w.e.tomcat.GracefulShutdown        : Graceful shutdown complete
2025-08-29T10:41:26.531+05:30  INFO 8644 --- [SprinBoot-Logging] [Thread-7] j.LocalContainerEntityManagerFactoryBean : Closing JPA EntityManagerFactory for persistence unit 'default'
2025-08-29T10:41:26.533+05:30  WARN 8644 --- [SprinBoot-Logging] [Thread-7] o.s.b.f.support.DisposableBeanAdapter    : Invocation of destroy method failed on bean with name 'inMemoryDatabaseShutdownExecutor': org.h2.jdbc.JdbcSQLNonTransientConnectionException: Database is already closed (to disable automatic closing at VM shutdown, add ";DB_CLOSE_ON_EXIT=FALSE" to the db URL) [90121-224]
2025-08-29T10:41:26.534+05:30  INFO 8644 --- [SprinBoot-Logging] [Thread-7] com.zaxxer.hikari.HikariDataSource       : HikariPool-2 - Shutdown initiated...
2025-08-29T10:41:26.535+05:30  INFO 8644 --- [SprinBoot-Logging] [Thread-7] com.zaxxer.hikari.HikariDataSource       : HikariPool-2 - Shutdown completed.
2025-08-29T10:41:26.679+05:30  INFO 8644 --- [SprinBoot-Logging] [restartedMain] c.neosoft.SprinBootLoggingApplication    : Starting SprinBootLoggingApplication using Java 17.0.2 with PID 8644 (D:\eclipse-workspace\SprinBoot-Logging\target\classes started by user in D:\eclipse-workspace\SprinBoot-Logging)
2025-08-29T10:41:26.679+05:30 DEBUG 8644 --- [SprinBoot-Logging] [restartedMain] c.neosoft.SprinBootLoggingApplication    : Running with Spring Boot v3.5.5, Spring v6.2.10
2025-08-29T10:41:26.679+05:30  INFO 8644 --- [SprinBoot-Logging] [restartedMain] c.neosoft.SprinBootLoggingApplication    : No active profile set, falling back to 1 default profile: "default"
2025-08-29T10:41:26.844+05:30  INFO 8644 --- [SprinBoot-Logging] [restartedMain] .s.d.r.c.RepositoryConfigurationDelegate : Bootstrapping Spring Data JPA repositories in DEFAULT mode.
2025-08-29T10:41:26.854+05:30  INFO 8644 --- [SprinBoot-Logging] [restartedMain] .s.d.r.c.RepositoryConfigurationDelegate : Finished Spring Data repository scanning in 8 ms. Found 1 JPA repository interface.
2025-08-29T10:41:26.931+05:30  INFO 8644 --- [SprinBoot-Logging] [restartedMain] o.s.b.w.embedded.tomcat.TomcatWebServer  : Tomcat initialized with port 8080 (http)
2025-08-29T10:41:26.932+05:30  INFO 8644 --- [SprinBoot-Logging] [restartedMain] o.apache.catalina.core.StandardService   : Starting service [Tomcat]
2025-08-29T10:41:26.932+05:30  INFO 8644 --- [SprinBoot-Logging] [restartedMain] o.apache.catalina.core.StandardEngine    : Starting Servlet engine: [Apache Tomcat/10.1.44]
2025-08-29T10:41:26.952+05:30  INFO 8644 --- [SprinBoot-Logging] [restartedMain] o.a.c.c.C.[Tomcat].[localhost].[/]       : Initializing Spring embedded WebApplicationContext
2025-08-29T10:41:26.952+05:30  INFO 8644 --- [SprinBoot-Logging] [restartedMain] w.s.c.ServletWebServerApplicationContext : Root WebApplicationContext: initialization completed in 271 ms
2025-08-29T10:41:26.986+05:30  INFO 8644 --- [SprinBoot-Logging] [restartedMain] o.hibernate.jpa.internal.util.LogHelper  : HHH000204: Processing PersistenceUnitInfo [name: default]
2025-08-29T10:41:26.990+05:30  INFO 8644 --- [SprinBoot-Logging] [restartedMain] o.h.c.internal.RegionFactoryInitiator    : HHH000026: Second-level cache disabled
2025-08-29T10:41:26.997+05:30  INFO 8644 --- [SprinBoot-Logging] [restartedMain] o.s.o.j.p.SpringPersistenceUnitInfo      : No LoadTimeWeaver setup: ignoring JPA class transformer
2025-08-29T10:41:26.998+05:30  INFO 8644 --- [SprinBoot-Logging] [restartedMain] com.zaxxer.hikari.HikariDataSource       : HikariPool-3 - Starting...
2025-08-29T10:41:27.000+05:30  INFO 8644 --- [SprinBoot-Logging] [restartedMain] com.zaxxer.hikari.pool.HikariPool        : HikariPool-3 - Added connection conn21: url=jdbc:h2:mem:testdb user=SA
2025-08-29T10:41:27.001+05:30  INFO 8644 --- [SprinBoot-Logging] [restartedMain] com.zaxxer.hikari.HikariDataSource       : HikariPool-3 - Start completed.
2025-08-29T10:41:27.001+05:30  WARN 8644 --- [SprinBoot-Logging] [restartedMain] org.hibernate.orm.deprecation            : HHH90000025: H2Dialect does not need to be specified explicitly using 'hibernate.dialect' (remove the property setting and it will be selected by default)
2025-08-29T10:41:27.002+05:30  INFO 8644 --- [SprinBoot-Logging] [restartedMain] org.hibernate.orm.connections.pooling    : HHH10001005: Database info:
	Database JDBC URL [Connecting through datasource 'HikariDataSource (HikariPool-3)']
	Database driver: undefined/unknown
	Database version: 2.2.224
	Autocommit mode: undefined/unknown
	Isolation level: undefined/unknown
	Minimum pool size: undefined/unknown
	Maximum pool size: undefined/unknown
2025-08-29T10:41:27.061+05:30  INFO 8644 --- [SprinBoot-Logging] [restartedMain] o.h.e.t.j.p.i.JtaPlatformInitiator       : HHH000489: No JTA platform available (set 'hibernate.transaction.jta.platform' to enable JTA platform integration)
2025-08-29T10:41:27.065+05:30  INFO 8644 --- [SprinBoot-Logging] [restartedMain] j.LocalContainerEntityManagerFactoryBean : Initialized JPA EntityManagerFactory for persistence unit 'default'
2025-08-29T10:41:27.137+05:30  WARN 8644 --- [SprinBoot-Logging] [restartedMain] JpaBaseConfiguration$JpaWebConfiguration : spring.jpa.open-in-view is enabled by default. Therefore, database queries may be performed during view rendering. Explicitly configure spring.jpa.open-in-view to disable this warning
2025-08-29T10:41:27.223+05:30  INFO 8644 --- [SprinBoot-Logging] [restartedMain] o.s.b.a.h2.H2ConsoleAutoConfiguration    : H2 console available at '/h2-console'. Database available at 'jdbc:h2:mem:testdb'
2025-08-29T10:41:27.249+05:30  INFO 8644 --- [SprinBoot-Logging] [restartedMain] o.s.b.d.a.OptionalLiveReloadServer       : LiveReload server is running on port 35729
2025-08-29T10:41:27.259+05:30  INFO 8644 --- [SprinBoot-Logging] [restartedMain] o.s.b.w.embedded.tomcat.TomcatWebServer  : Tomcat started on port 8080 (http) with context path '/'
2025-08-29T10:41:27.264+05:30  INFO 8644 --- [SprinBoot-Logging] [restartedMain] c.neosoft.SprinBootLoggingApplication    : Started SprinBootLoggingApplication in 0.619 seconds (process running for 255.743)
2025-08-29T10:41:27.266+05:30  INFO 8644 --- [SprinBoot-Logging] [restartedMain] .ConditionEvaluationDeltaLoggingListener : Condition evaluation unchanged
2025-08-29T10:44:11.885+05:30  INFO 8644 --- [SprinBoot-Logging] [http-nio-8080-exec-4] o.a.c.c.C.[Tomcat].[localhost].[/]       : Initializing Spring DispatcherServlet 'dispatcherServlet'
2025-08-29T10:44:11.886+05:30  INFO 8644 --- [SprinBoot-Logging] [http-nio-8080-exec-4] o.s.web.servlet.DispatcherServlet        : Initializing Servlet 'dispatcherServlet'
2025-08-29T10:44:11.888+05:30  INFO 8644 --- [SprinBoot-Logging] [http-nio-8080-exec-4] o.s.web.servlet.DispatcherServlet        : Completed initialization in 1 ms
2025-08-29T10:44:11.898+05:30  INFO 8644 --- [SprinBoot-Logging] [http-nio-8080-exec-4] com.neosoft.Service.UserServiceClass     : New Usre Created With POstAMn By Passing Json Content 
2025-08-29T10:44:40.580+05:30  INFO 8644 --- [SprinBoot-Logging] [http-nio-8080-exec-9] com.neosoft.Service.UserServiceClass     : New Usre Created With POstAMn By Passing Json Content 
2025-08-29T10:44:42.799+05:30  INFO 8644 --- [SprinBoot-Logging] [http-nio-8080-exec-8] com.neosoft.Service.UserServiceClass     : New Usre Created With POstAMn By Passing Json Content 
2025-08-29T10:45:00.391+05:30  INFO 8644 --- [SprinBoot-Logging] [http-nio-8080-exec-3] com.neosoft.Service.UserServiceClass     : New Usre Created With POstAMn By Passing Json Content 
2025-08-29T10:45:02.257+05:30  INFO 8644 --- [SprinBoot-Logging] [http-nio-8080-exec-6] com.neosoft.Service.UserServiceClass     : New Usre Created With POstAMn By Passing Json Content 
2025-08-29T10:45:46.144+05:30  INFO 8644 --- [SprinBoot-Logging] [http-nio-8080-exec-4] com.neosoft.Service.UserServiceClass     : before findById () method is Executed 
2025-08-29T10:46:07.612+05:30  INFO 8644 --- [SprinBoot-Logging] [http-nio-8080-exec-8] com.neosoft.Service.UserServiceClass     : before Find All() MEthod ExecutionnStrats 
2025-08-29T10:46:10.511+05:30  INFO 8644 --- [SprinBoot-Logging] [http-nio-8080-exec-3] com.neosoft.Service.UserServiceClass     : before Find All() MEthod ExecutionnStrats 
2025-08-29T10:47:56.248+05:30  INFO 8644 --- [SprinBoot-Logging] [http-nio-8080-exec-1] com.neosoft.Service.UserServiceClass     : before findById () method is Executed 
2025-08-29T10:47:56.254+05:30 ERROR 8644 --- [SprinBoot-Logging] [http-nio-8080-exec-1] com.neosoft.Service.UserServiceClass     : this is not a valid kindly check and try again
2025-08-29T10:47:56.268+05:30 ERROR 8644 --- [SprinBoot-Logging] [http-nio-8080-exec-1] o.a.c.c.C.[.[.[/].[dispatcherServlet]    : Servlet.service() for servlet [dispatcherServlet] in context with path [] threw exception [Request processing failed: java.lang.RuntimeException: User is not Found with this id you have given] with root cause

java.lang.RuntimeException: User is not Found with this id you have given
	at com.neosoft.Service.UserServiceClass.lambda$0(UserServiceClass.java:49) ~[classes/:na]
	at java.base/java.util.Optional.orElseThrow(Optional.java:403) ~[na:na]
	at com.neosoft.Service.UserServiceClass.userById(UserServiceClass.java:47) ~[classes/:na]
	at com.neosoft.controller.Controller.getById(Controller.java:40) ~[classes/:na]
	at java.base/jdk.internal.reflect.NativeMethodAccessorImpl.invoke0(Native Method) ~[na:na]
	at java.base/jdk.internal.reflect.NativeMethodAccessorImpl.invoke(NativeMethodAccessorImpl.java:77) ~[na:na]
	at java.base/jdk.internal.reflect.DelegatingMethodAccessorImpl.invoke(DelegatingMethodAccessorImpl.java:43) ~[na:na]
	at java.base/java.lang.reflect.Method.invoke(Method.java:568) ~[na:na]
	at org.springframework.web.method.support.InvocableHandlerMethod.doInvoke(InvocableHandlerMethod.java:258) ~[spring-web-6.2.10.jar:6.2.10]
	at org.springframework.web.method.support.InvocableHandlerMethod.invokeForRequest(InvocableHandlerMethod.java:191) ~[spring-web-6.2.10.jar:6.2.10]
	at org.springframework.web.servlet.mvc.method.annotation.ServletInvocableHandlerMethod.invokeAndHandle(ServletInvocableHandlerMethod.java:118) ~[spring-webmvc-6.2.10.jar:6.2.10]
	at org.springframework.web.servlet.mvc.method.annotation.RequestMappingHandlerAdapter.invokeHandlerMethod(RequestMappingHandlerAdapter.java:991) ~[spring-webmvc-6.2.10.jar:6.2.10]
	at org.springframework.web.servlet.mvc.method.annotation.RequestMappingHandlerAdapter.handleInternal(RequestMappingHandlerAdapter.java:896) ~[spring-webmvc-6.2.10.jar:6.2.10]
	at org.springframework.web.servlet.mvc.method.AbstractHandlerMethodAdapter.handle(AbstractHandlerMethodAdapter.java:87) ~[spring-webmvc-6.2.10.jar:6.2.10]
	at org.springframework.web.servlet.DispatcherServlet.doDispatch(DispatcherServlet.java:1089) ~[spring-webmvc-6.2.10.jar:6.2.10]
	at org.springframework.web.servlet.DispatcherServlet.doService(DispatcherServlet.java:979) ~[spring-webmvc-6.2.10.jar:6.2.10]
	at org.springframework.web.servlet.FrameworkServlet.processRequest(FrameworkServlet.java:1014) ~[spring-webmvc-6.2.10.jar:6.2.10]
	at org.springframework.web.servlet.FrameworkServlet.doGet(FrameworkServlet.java:903) ~[spring-webmvc-6.2.10.jar:6.2.10]
	at jakarta.servlet.http.HttpServlet.service(HttpServlet.java:564) ~[tomcat-embed-core-10.1.44.jar:6.0]
	at org.springframework.web.servlet.FrameworkServlet.service(FrameworkServlet.java:885) ~[spring-webmvc-6.2.10.jar:6.2.10]
	at jakarta.servlet.http.HttpServlet.service(HttpServlet.java:658) ~[tomcat-embed-core-10.1.44.jar:6.0]
	at org.apache.catalina.core.ApplicationFilterChain.internalDoFilter(ApplicationFilterChain.java:195) ~[tomcat-embed-core-10.1.44.jar:10.1.44]
	at org.apache.catalina.core.ApplicationFilterChain.doFilter(ApplicationFilterChain.java:140) ~[tomcat-embed-core-10.1.44.jar:10.1.44]
	at org.apache.tomcat.websocket.server.WsFilter.doFilter(WsFilter.java:51) ~[tomcat-embed-websocket-10.1.44.jar:10.1.44]
	at org.apache.catalina.core.ApplicationFilterChain.internalDoFilter(ApplicationFilterChain.java:164) ~[tomcat-embed-core-10.1.44.jar:10.1.44]
	at org.apache.catalina.core.ApplicationFilterChain.doFilter(ApplicationFilterChain.java:140) ~[tomcat-embed-core-10.1.44.jar:10.1.44]
	at org.springframework.web.filter.RequestContextFilter.doFilterInternal(RequestContextFilter.java:100) ~[spring-web-6.2.10.jar:6.2.10]
	at org.springframework.web.filter.OncePerRequestFilter.doFilter(OncePerRequestFilter.java:116) ~[spring-web-6.2.10.jar:6.2.10]
	at org.apache.catalina.core.ApplicationFilterChain.internalDoFilter(ApplicationFilterChain.java:164) ~[tomcat-embed-core-10.1.44.jar:10.1.44]
	at org.apache.catalina.core.ApplicationFilterChain.doFilter(ApplicationFilterChain.java:140) ~[tomcat-embed-core-10.1.44.jar:10.1.44]
	at org.springframework.web.filter.FormContentFilter.doFilterInternal(FormContentFilter.java:93) ~[spring-web-6.2.10.jar:6.2.10]
	at org.springframework.web.filter.OncePerRequestFilter.doFilter(OncePerRequestFilter.java:116) ~[spring-web-6.2.10.jar:6.2.10]
	at org.apache.catalina.core.ApplicationFilterChain.internalDoFilter(ApplicationFilterChain.java:164) ~[tomcat-embed-core-10.1.44.jar:10.1.44]
	at org.apache.catalina.core.ApplicationFilterChain.doFilter(ApplicationFilterChain.java:140) ~[tomcat-embed-core-10.1.44.jar:10.1.44]
	at org.springframework.web.filter.CharacterEncodingFilter.doFilterInternal(CharacterEncodingFilter.java:201) ~[spring-web-6.2.10.jar:6.2.10]
	at org.springframework.web.filter.OncePerRequestFilter.doFilter(OncePerRequestFilter.java:116) ~[spring-web-6.2.10.jar:6.2.10]
	at org.apache.catalina.core.ApplicationFilterChain.internalDoFilter(ApplicationFilterChain.java:164) ~[tomcat-embed-core-10.1.44.jar:10.1.44]
	at org.apache.catalina.core.ApplicationFilterChain.doFilter(ApplicationFilterChain.java:140) ~[tomcat-embed-core-10.1.44.jar:10.1.44]
	at org.apache.catalina.core.StandardWrapperValve.invoke(StandardWrapperValve.java:167) ~[tomcat-embed-core-10.1.44.jar:10.1.44]
	at org.apache.catalina.core.StandardContextValve.invoke(StandardContextValve.java:90) ~[tomcat-embed-core-10.1.44.jar:10.1.44]
	at org.apache.catalina.authenticator.AuthenticatorBase.invoke(AuthenticatorBase.java:483) ~[tomcat-embed-core-10.1.44.jar:10.1.44]
	at org.apache.catalina.core.StandardHostValve.invoke(StandardHostValve.java:116) ~[tomcat-embed-core-10.1.44.jar:10.1.44]
	at org.apache.catalina.valves.ErrorReportValve.invoke(ErrorReportValve.java:93) ~[tomcat-embed-core-10.1.44.jar:10.1.44]
	at org.apache.catalina.core.StandardEngineValve.invoke(StandardEngineValve.java:74) ~[tomcat-embed-core-10.1.44.jar:10.1.44]
	at org.apache.catalina.connector.CoyoteAdapter.service(CoyoteAdapter.java:344) ~[tomcat-embed-core-10.1.44.jar:10.1.44]
	at org.apache.coyote.http11.Http11Processor.service(Http11Processor.java:398) ~[tomcat-embed-core-10.1.44.jar:10.1.44]
	at org.apache.coyote.AbstractProcessorLight.process(AbstractProcessorLight.java:63) ~[tomcat-embed-core-10.1.44.jar:10.1.44]
	at org.apache.coyote.AbstractProtocol$ConnectionHandler.process(AbstractProtocol.java:903) ~[tomcat-embed-core-10.1.44.jar:10.1.44]
	at org.apache.tomcat.util.net.NioEndpoint$SocketProcessor.doRun(NioEndpoint.java:1769) ~[tomcat-embed-core-10.1.44.jar:10.1.44]
	at org.apache.tomcat.util.net.SocketProcessorBase.run(SocketProcessorBase.java:52) ~[tomcat-embed-core-10.1.44.jar:10.1.44]
	at org.apache.tomcat.util.threads.ThreadPoolExecutor.runWorker(ThreadPoolExecutor.java:1189) ~[tomcat-embed-core-10.1.44.jar:10.1.44]
	at org.apache.tomcat.util.threads.ThreadPoolExecutor$Worker.run(ThreadPoolExecutor.java:658) ~[tomcat-embed-core-10.1.44.jar:10.1.44]
	at org.apache.tomcat.util.threads.TaskThread$WrappingRunnable.run(TaskThread.java:63) ~[tomcat-embed-core-10.1.44.jar:10.1.44]
	at java.base/java.lang.Thread.run(Thread.java:833) ~[na:na]

